2026-03-11 00:27:31,938 [Worker-4: Loading available Gradle versions] INFO  o.e.b.c.i.u.g.PublishedGradleVersions - Gradle version information cache is out-of-date. Trying to update.
2026-03-11 00:27:56,370 [Worker-1: Importing Maven projects] INFO  o.e.m.c.i.e.AbstractTransferListenerAdapter - Downloaded https://repo.maven.apache.org/maven2/org/apache/logging/log4j/log4j-bom/2.23.1/log4j-bom-2.23.1.pom
2026-03-11 00:27:56,589 [Worker-1: Importing Maven projects] INFO  o.e.m.c.i.e.AbstractTransferListenerAdapter - Downloaded https://repo.maven.apache.org/maven2/org/apache/logging/logging-parent/10.6.0/logging-parent-10.6.0.pom
2026-03-11 00:28:01,459 [Worker-1: Importing Maven projects] INFO  o.e.m.c.i.e.AbstractTransferListenerAdapter - Downloading https://repo.maven.apache.org/maven2/org/apache/maven/plugins/maven-surefire-plugin/3.2.5/maven-surefire-plugin-3.2.5.jar
2026-03-11 00:28:01,952 [Worker-1: Importing Maven projects] INFO  o.e.m.c.i.e.AbstractTransferListenerAdapter - Downloaded https://repo.maven.apache.org/maven2/org/apache/maven/plugins/maven-surefire-plugin/3.2.5/maven-surefire-plugin-3.2.5.jar
2026-03-11 00:28:05,844 [Worker-1: Importing Maven projects] INFO  o.e.m.c.i.l.LifecycleMappingFactory - Using org.eclipse.m2e.jdt.JarLifecycleMapping lifecycle mapping for MavenProject: com.revpasswordmanager:revPasswordmanager:0.0.1-SNAPSHOT @ D:\RevPasswordManager\revPasswordmanager\revPasswordmanager\pom.xml.
2026-03-11 00:28:09,633 [Worker-1: Importing Maven projects] INFO  o.e.m.c.i.e.AbstractTransferListenerAdapter - Downloaded https://repo.maven.apache.org/maven2/org/apache/logging/log4j/log4j-to-slf4j/2.23.1/log4j-to-slf4j-2.23.1.pom
2026-03-11 00:28:09,759 [Worker-1: Importing Maven projects] INFO  o.e.m.c.i.e.AbstractTransferListenerAdapter - Downloaded https://repo.maven.apache.org/maven2/org/apache/logging/log4j/log4j/2.23.1/log4j-2.23.1.pom
2026-03-11 00:28:09,918 [Worker-1: Importing Maven projects] INFO  o.e.m.c.i.e.AbstractTransferListenerAdapter - Downloaded https://repo.maven.apache.org/maven2/org/codehaus/groovy/groovy-bom/3.0.21/groovy-bom-3.0.21.pom
2026-03-11 00:28:10,072 [Worker-1: Importing Maven projects] INFO  o.e.m.c.i.e.AbstractTransferListenerAdapter - Downloaded https://repo.maven.apache.org/maven2/com/fasterxml/jackson/jackson-bom/2.16.1/jackson-bom-2.16.1.pom
2026-03-11 00:28:10,213 [Worker-1: Importing Maven projects] INFO  o.e.m.c.i.e.AbstractTransferListenerAdapter - Downloaded https://repo.maven.apache.org/maven2/com/fasterxml/jackson/jackson-parent/2.16/jackson-parent-2.16.pom
2026-03-11 00:28:10,348 [Worker-1: Importing Maven projects] INFO  o.e.m.c.i.e.AbstractTransferListenerAdapter - Downloaded https://repo.maven.apache.org/maven2/com/fasterxml/oss-parent/56/oss-parent-56.pom
2026-03-11 00:28:10,612 [Worker-1: Importing Maven projects] INFO  o.e.m.c.i.e.AbstractTransferListenerAdapter - Downloaded https://repo.maven.apache.org/maven2/org/eclipse/jetty/jetty-bom/9.4.54.v20240208/jetty-bom-9.4.54.v20240208.pom
2026-03-11 00:28:10,905 [Worker-1: Importing Maven projects] INFO  o.e.m.c.i.e.AbstractTransferListenerAdapter - Downloaded https://repo.maven.apache.org/maven2/org/springframework/spring-framework-bom/5.3.32/spring-framework-bom-5.3.32.pom
2026-03-11 00:28:11,061 [Worker-1: Importing Maven projects] INFO  o.e.m.c.i.e.AbstractTransferListenerAdapter - Downloaded https://repo.maven.apache.org/maven2/org/apache/logging/log4j/log4j-api/2.23.1/log4j-api-2.23.1.pom
2026-03-11 00:28:11,986 [Worker-1: Importing Maven projects] INFO  o.e.m.c.i.e.AbstractTransferListenerAdapter - Downloaded https://repo.maven.apache.org/maven2/org/springframework/boot/spring-boot-starter-mail/3.5.11/spring-boot-starter-mail-3.5.11.pom
2026-03-11 00:28:12,122 [Worker-1: Importing Maven projects] INFO  o.e.m.c.i.e.AbstractTransferListenerAdapter - Downloaded https://repo.maven.apache.org/maven2/org/springframework/spring-context-support/6.2.16/spring-context-support-6.2.16.pom
2026-03-11 00:28:12,258 [Worker-1: Importing Maven projects] INFO  o.e.m.c.i.e.AbstractTransferListenerAdapter - Downloaded https://repo.maven.apache.org/maven2/org/eclipse/angus/jakarta.mail/2.0.5/jakarta.mail-2.0.5.pom
2026-03-11 00:28:12,411 [Worker-1: Importing Maven projects] INFO  o.e.m.c.i.e.AbstractTransferListenerAdapter - Downloaded https://repo.maven.apache.org/maven2/org/eclipse/angus/all/2.0.5/all-2.0.5.pom
2026-03-11 00:28:12,567 [Worker-1: Importing Maven projects] INFO  o.e.m.c.i.e.AbstractTransferListenerAdapter - Downloaded https://repo.maven.apache.org/maven2/org/springframework/boot/spring-boot-starter-log4j2/3.5.11/spring-boot-starter-log4j2-3.5.11.pom
2026-03-11 00:28:12,753 [Worker-1: Importing Maven projects] INFO  o.e.m.c.i.e.AbstractTransferListenerAdapter - Downloaded https://repo.maven.apache.org/maven2/org/apache/logging/log4j/log4j-slf4j2-impl/2.23.1/log4j-slf4j2-impl-2.23.1.pom
2026-03-11 00:28:12,902 [Worker-1: Importing Maven projects] INFO  o.e.m.c.i.e.AbstractTransferListenerAdapter - Downloaded https://repo.maven.apache.org/maven2/org/apache/logging/log4j/log4j-core/2.23.1/log4j-core-2.23.1.pom
2026-03-11 00:28:13,110 [Worker-1: Importing Maven projects] INFO  o.e.m.c.i.e.AbstractTransferListenerAdapter - Downloaded https://repo.maven.apache.org/maven2/org/apache/logging/log4j/log4j-jul/2.23.1/log4j-jul-2.23.1.pom
2026-03-11 00:28:14,478 [Worker-1: Importing Maven projects] INFO  o.e.m.c.i.e.AbstractTransferListenerAdapter - Downloaded https://repo.maven.apache.org/maven2/org/hamcrest/hamcrest-core/3.0/hamcrest-core-3.0.pom
2026-03-11 00:28:14,619 [Worker-1: Importing Maven projects] INFO  o.e.m.c.i.e.AbstractTransferListenerAdapter - Downloaded https://repo.maven.apache.org/maven2/org/junit/vintage/junit-vintage-engine/5.12.2/junit-vintage-engine-5.12.2.pom
2026-03-11 00:28:14,830 [AetherRepositoryConnector-repo.maven.apache.org-0-0] INFO  o.e.m.c.i.e.AbstractTransferListenerAdapter - Downloading https://repo.maven.apache.org/maven2/org/springframework/boot/spring-boot-starter-mail/3.5.11/spring-boot-starter-mail-3.5.11.jar
2026-03-11 00:28:14,876 [AetherRepositoryConnector-repo.maven.apache.org-0-1] INFO  o.e.m.c.i.e.AbstractTransferListenerAdapter - Downloading https://repo.maven.apache.org/maven2/org/springframework/spring-context-support/6.2.16/spring-context-support-6.2.16.jar
2026-03-11 00:28:14,927 [AetherRepositoryConnector-repo.maven.apache.org-0-2] INFO  o.e.m.c.i.e.AbstractTransferListenerAdapter - Downloading https://repo.maven.apache.org/maven2/org/eclipse/angus/jakarta.mail/2.0.5/jakarta.mail-2.0.5.jar
2026-03-11 00:28:14,927 [AetherRepositoryConnector-repo.maven.apache.org-0-3] INFO  o.e.m.c.i.e.AbstractTransferListenerAdapter - Downloading https://repo.maven.apache.org/maven2/org/springframework/boot/spring-boot-starter-log4j2/3.5.11/spring-boot-starter-log4j2-3.5.11.jar
2026-03-11 00:28:14,928 [AetherRepositoryConnector-repo.maven.apache.org-0-4] INFO  o.e.m.c.i.e.AbstractTransferListenerAdapter - Downloading https://repo.maven.apache.org/maven2/org/apache/logging/log4j/log4j-slf4j2-impl/2.23.1/log4j-slf4j2-impl-2.23.1.jar
2026-03-11 00:28:15,244 [AetherRepositoryConnector-repo.maven.apache.org-0-2] INFO  o.e.m.c.i.e.AbstractTransferListenerAdapter - Downloaded https://repo.maven.apache.org/maven2/org/eclipse/angus/jakarta.mail/2.0.5/jakarta.mail-2.0.5.jar
2026-03-11 00:28:15,224 [AetherRepositoryConnector-repo.maven.apache.org-0-0] INFO  o.e.m.c.i.e.AbstractTransferListenerAdapter - Downloaded https://repo.maven.apache.org/maven2/org/springframework/boot/spring-boot-starter-mail/3.5.11/spring-boot-starter-mail-3.5.11.jar
2026-03-11 00:28:15,295 [AetherRepositoryConnector-repo.maven.apache.org-0-1] INFO  o.e.m.c.i.e.AbstractTransferListenerAdapter - Downloaded https://repo.maven.apache.org/maven2/org/springframework/spring-context-support/6.2.16/spring-context-support-6.2.16.jar
2026-03-11 00:28:15,310 [AetherRepositoryConnector-repo.maven.apache.org-0-0] INFO  o.e.m.c.i.e.AbstractTransferListenerAdapter - Downloading https://repo.maven.apache.org/maven2/org/apache/logging/log4j/log4j-core/2.23.1/log4j-core-2.23.1.jar
2026-03-11 00:28:15,346 [AetherRepositoryConnector-repo.maven.apache.org-0-2] INFO  o.e.m.c.i.e.AbstractTransferListenerAdapter - Downloading https://repo.maven.apache.org/maven2/org/apache/logging/log4j/log4j-api/2.23.1/log4j-api-2.23.1.jar
2026-03-11 00:28:15,399 [AetherRepositoryConnector-repo.maven.apache.org-0-1] INFO  o.e.m.c.i.e.AbstractTransferListenerAdapter - Downloading https://repo.maven.apache.org/maven2/org/apache/logging/log4j/log4j-jul/2.23.1/log4j-jul-2.23.1.jar
2026-03-11 00:28:15,449 [AetherRepositoryConnector-repo.maven.apache.org-0-3] INFO  o.e.m.c.i.e.AbstractTransferListenerAdapter - Downloaded https://repo.maven.apache.org/maven2/org/springframework/boot/spring-boot-starter-log4j2/3.5.11/spring-boot-starter-log4j2-3.5.11.jar
2026-03-11 00:28:15,558 [AetherRepositoryConnector-repo.maven.apache.org-0-3] INFO  o.e.m.c.i.e.AbstractTransferListenerAdapter - Downloading https://repo.maven.apache.org/maven2/org/hamcrest/hamcrest-core/3.0/hamcrest-core-3.0.jar
2026-03-11 00:28:15,706 [AetherRepositoryConnector-repo.maven.apache.org-0-2] INFO  o.e.m.c.i.e.AbstractTransferListenerAdapter - Downloaded https://repo.maven.apache.org/maven2/org/apache/logging/log4j/log4j-api/2.23.1/log4j-api-2.23.1.jar
2026-03-11 00:28:15,775 [AetherRepositoryConnector-repo.maven.apache.org-0-2] INFO  o.e.m.c.i.e.AbstractTransferListenerAdapter - Downloading https://repo.maven.apache.org/maven2/org/junit/vintage/junit-vintage-engine/5.12.2/junit-vintage-engine-5.12.2.jar
2026-03-11 00:28:15,776 [AetherRepositoryConnector-repo.maven.apache.org-0-4] INFO  o.e.m.c.i.e.AbstractTransferListenerAdapter - Downloaded https://repo.maven.apache.org/maven2/org/apache/logging/log4j/log4j-slf4j2-impl/2.23.1/log4j-slf4j2-impl-2.23.1.jar
2026-03-11 00:28:15,824 [AetherRepositoryConnector-repo.maven.apache.org-0-0] INFO  o.e.m.c.i.e.AbstractTransferListenerAdapter - Downloaded https://repo.maven.apache.org/maven2/org/apache/logging/log4j/log4j-core/2.23.1/log4j-core-2.23.1.jar
2026-03-11 00:28:15,849 [AetherRepositoryConnector-repo.maven.apache.org-0-3] INFO  o.e.m.c.i.e.AbstractTransferListenerAdapter - Downloaded https://repo.maven.apache.org/maven2/org/hamcrest/hamcrest-core/3.0/hamcrest-core-3.0.jar
2026-03-11 00:28:15,883 [AetherRepositoryConnector-repo.maven.apache.org-0-2] INFO  o.e.m.c.i.e.AbstractTransferListenerAdapter - Downloaded https://repo.maven.apache.org/maven2/org/junit/vintage/junit-vintage-engine/5.12.2/junit-vintage-engine-5.12.2.jar
2026-03-11 00:28:15,967 [AetherRepositoryConnector-repo.maven.apache.org-0-1] INFO  o.e.m.c.i.e.AbstractTransferListenerAdapter - Downloaded https://repo.maven.apache.org/maven2/org/apache/logging/log4j/log4j-jul/2.23.1/log4j-jul-2.23.1.jar
2026-03-11 00:28:23,519 [Worker-1: Importing Maven projects] INFO  o.e.m.j.i.AbstractJavaProjectConfigurator - Adding source folder /revPasswordmanager/src/main/java
2026-03-11 00:28:23,519 [Worker-1: Importing Maven projects] INFO  o.e.m.j.i.AbstractJavaProjectConfigurator - Adding resource folder /revPasswordmanager/src/main/resources
2026-03-11 00:28:23,521 [Worker-1: Importing Maven projects] INFO  o.e.m.j.i.AbstractJavaProjectConfigurator - Adding resource folder /revPasswordmanager/src/main/resources
2026-03-11 00:28:23,522 [Worker-1: Importing Maven projects] INFO  o.e.m.j.i.AbstractJavaProjectConfigurator - Adding source folder /revPasswordmanager/src/test/java
2026-03-11 00:28:23,896 [Worker-6: Download sources and javadoc] INFO  o.e.m.c.i.e.AbstractTransferListenerAdapter - Downloading https://repo.maven.apache.org/maven2/org/springframework/boot/spring-boot-starter-mail/3.5.11/spring-boot-starter-mail-3.5.11-sources.jar
2026-03-11 00:28:23,938 [Worker-1: Importing Maven projects] INFO  o.e.m.c.i.p.ProjectConfigurationManager - Imported and configured 1 project(s) in 31 sec
2026-03-11 00:28:23,986 [Worker-6: Download sources and javadoc] INFO  o.e.m.c.i.e.AbstractTransferListenerAdapter - Downloaded https://repo.maven.apache.org/maven2/org/springframework/boot/spring-boot-starter-mail/3.5.11/spring-boot-starter-mail-3.5.11-sources.jar
2026-03-11 00:28:23,992 [Worker-6: Download sources and javadoc] INFO  o.e.m.j.internal.DownloadSourcesJob - Downloaded sources for org.springframework.boot:spring-boot-starter-mail:3.5.11
2026-03-11 00:28:24,149 [Worker-6: Download sources and javadoc] INFO  o.e.m.c.i.e.AbstractTransferListenerAdapter - Downloading https://repo.maven.apache.org/maven2/org/springframework/spring-context-support/6.2.16/spring-context-support-6.2.16-sources.jar
2026-03-11 00:28:24,362 [Worker-6: Download sources and javadoc] INFO  o.e.m.c.i.e.AbstractTransferListenerAdapter - Downloaded https://repo.maven.apache.org/maven2/org/springframework/spring-context-support/6.2.16/spring-context-support-6.2.16-sources.jar
2026-03-11 00:28:24,368 [Worker-6: Download sources and javadoc] INFO  o.e.m.j.internal.DownloadSourcesJob - Downloaded sources for org.springframework:spring-context-support:6.2.16
2026-03-11 00:28:24,501 [Worker-6: Download sources and javadoc] INFO  o.e.m.c.i.e.AbstractTransferListenerAdapter - Downloading https://repo.maven.apache.org/maven2/org/eclipse/angus/jakarta.mail/2.0.5/jakarta.mail-2.0.5-sources.jar
2026-03-11 00:28:24,868 [Worker-6: Download sources and javadoc] INFO  o.e.m.c.i.e.AbstractTransferListenerAdapter - Downloaded https://repo.maven.apache.org/maven2/org/eclipse/angus/jakarta.mail/2.0.5/jakarta.mail-2.0.5-sources.jar
2026-03-11 00:28:24,876 [Worker-6: Download sources and javadoc] INFO  o.e.m.j.internal.DownloadSourcesJob - Downloaded sources for org.eclipse.angus:jakarta.mail:2.0.5
2026-03-11 00:28:24,908 [Worker-8: Updating Maven Project] INFO  o.e.m.c.i.p.ProjectConfigurationManager - Update started
2026-03-11 00:28:25,035 [Worker-6: Download sources and javadoc] INFO  o.e.m.c.i.e.AbstractTransferListenerAdapter - Downloading https://repo.maven.apache.org/maven2/org/springframework/boot/spring-boot-starter-log4j2/3.5.11/spring-boot-starter-log4j2-3.5.11-sources.jar
2026-03-11 00:28:25,165 [Worker-6: Download sources and javadoc] INFO  o.e.m.c.i.e.AbstractTransferListenerAdapter - Downloaded https://repo.maven.apache.org/maven2/org/springframework/boot/spring-boot-starter-log4j2/3.5.11/spring-boot-starter-log4j2-3.5.11-sources.jar
2026-03-11 00:28:25,177 [Worker-6: Download sources and javadoc] INFO  o.e.m.j.internal.DownloadSourcesJob - Downloaded sources for org.springframework.boot:spring-boot-starter-log4j2:3.5.11
2026-03-11 00:28:26,610 [Worker-8: Updating Maven Project] INFO  o.e.m.c.i.l.LifecycleMappingFactory - Using org.eclipse.m2e.jdt.JarLifecycleMapping lifecycle mapping for MavenProject: com.revpasswordmanager:revPasswordmanager:0.0.1-SNAPSHOT @ D:\RevPasswordManager\revPasswordmanager\revPasswordmanager\pom.xml.
2026-03-11 00:28:26,763 [Worker-6: Download sources and javadoc] INFO  o.e.m.c.i.e.AbstractTransferListenerAdapter - Downloading https://repo.maven.apache.org/maven2/org/apache/logging/log4j/log4j-slf4j2-impl/2.23.1/log4j-slf4j2-impl-2.23.1-sources.jar
2026-03-11 00:28:27,139 [Worker-6: Download sources and javadoc] INFO  o.e.m.c.i.e.AbstractTransferListenerAdapter - Downloaded https://repo.maven.apache.org/maven2/org/apache/logging/log4j/log4j-slf4j2-impl/2.23.1/log4j-slf4j2-impl-2.23.1-sources.jar
2026-03-11 00:28:27,144 [Worker-6: Download sources and javadoc] INFO  o.e.m.j.internal.DownloadSourcesJob - Downloaded sources for org.apache.logging.log4j:log4j-slf4j2-impl:2.23.1
2026-03-11 00:28:27,328 [Worker-6: Download sources and javadoc] INFO  o.e.m.c.i.e.AbstractTransferListenerAdapter - Downloading https://repo.maven.apache.org/maven2/org/apache/logging/log4j/log4j-api/2.23.1/log4j-api-2.23.1-sources.jar
2026-03-11 00:28:27,546 [Worker-6: Download sources and javadoc] INFO  o.e.m.c.i.e.AbstractTransferListenerAdapter - Downloaded https://repo.maven.apache.org/maven2/org/apache/logging/log4j/log4j-api/2.23.1/log4j-api-2.23.1-sources.jar
2026-03-11 00:28:27,551 [Worker-6: Download sources and javadoc] INFO  o.e.m.j.internal.DownloadSourcesJob - Downloaded sources for org.apache.logging.log4j:log4j-api:2.23.1
2026-03-11 00:28:27,731 [Worker-6: Download sources and javadoc] INFO  o.e.m.c.i.e.AbstractTransferListenerAdapter - Downloading https://repo.maven.apache.org/maven2/org/apache/logging/log4j/log4j-core/2.23.1/log4j-core-2.23.1-sources.jar
2026-03-11 00:28:27,948 [Worker-8: Updating Maven Project] INFO  o.e.m.j.i.AbstractJavaProjectConfigurator - Adding source folder /revPasswordmanager/src/main/java
2026-03-11 00:28:27,949 [Worker-8: Updating Maven Project] INFO  o.e.m.j.i.AbstractJavaProjectConfigurator - Adding resource folder /revPasswordmanager/src/main/resources
2026-03-11 00:28:27,950 [Worker-8: Updating Maven Project] INFO  o.e.m.j.i.AbstractJavaProjectConfigurator - Adding resource folder /revPasswordmanager/src/main/resources
2026-03-11 00:28:27,952 [Worker-8: Updating Maven Project] INFO  o.e.m.j.i.AbstractJavaProjectConfigurator - Adding source folder /revPasswordmanager/src/test/java
2026-03-11 00:28:28,157 [Worker-6: Download sources and javadoc] INFO  o.e.m.c.i.e.AbstractTransferListenerAdapter - Downloaded https://repo.maven.apache.org/maven2/org/apache/logging/log4j/log4j-core/2.23.1/log4j-core-2.23.1-sources.jar
2026-03-11 00:28:28,163 [Worker-6: Download sources and javadoc] INFO  o.e.m.j.internal.DownloadSourcesJob - Downloaded sources for org.apache.logging.log4j:log4j-core:2.23.1
2026-03-11 00:28:28,335 [Worker-6: Download sources and javadoc] INFO  o.e.m.c.i.e.AbstractTransferListenerAdapter - Downloading https://repo.maven.apache.org/maven2/org/apache/logging/log4j/log4j-jul/2.23.1/log4j-jul-2.23.1-sources.jar
2026-03-11 00:28:28,939 [Worker-6: Download sources and javadoc] INFO  o.e.m.c.i.e.AbstractTransferListenerAdapter - Downloaded https://repo.maven.apache.org/maven2/org/apache/logging/log4j/log4j-jul/2.23.1/log4j-jul-2.23.1-sources.jar
2026-03-11 00:28:28,945 [Worker-6: Download sources and javadoc] INFO  o.e.m.j.internal.DownloadSourcesJob - Downloaded sources for org.apache.logging.log4j:log4j-jul:2.23.1
2026-03-11 00:28:29,110 [Worker-6: Download sources and javadoc] INFO  o.e.m.c.i.e.AbstractTransferListenerAdapter - Downloading https://repo.maven.apache.org/maven2/org/hamcrest/hamcrest-core/3.0/hamcrest-core-3.0-sources.jar
2026-03-11 00:28:29,168 [Worker-8: Updating Maven Project] INFO  o.e.m.c.i.p.ProjectConfigurationManager - Update completed for 1 poms: local refresh takes 0.00 sec, refresh facades takes 2.00 sec, update config takes 0.00 sec 
2026-03-11 00:28:29,263 [Worker-6: Download sources and javadoc] INFO  o.e.m.c.i.e.AbstractTransferListenerAdapter - Downloaded https://repo.maven.apache.org/maven2/org/hamcrest/hamcrest-core/3.0/hamcrest-core-3.0-sources.jar
2026-03-11 00:28:29,294 [Worker-6: Download sources and javadoc] INFO  o.e.m.j.internal.DownloadSourcesJob - Downloaded sources for org.hamcrest:hamcrest-core:3.0
2026-03-11 00:28:29,477 [Worker-6: Download sources and javadoc] INFO  o.e.m.c.i.e.AbstractTransferListenerAdapter - Downloading https://repo.maven.apache.org/maven2/org/junit/vintage/junit-vintage-engine/5.12.2/junit-vintage-engine-5.12.2-sources.jar
2026-03-11 00:28:30,547 [Worker-6: Download sources and javadoc] INFO  o.e.m.c.i.e.AbstractTransferListenerAdapter - Downloaded https://repo.maven.apache.org/maven2/org/junit/vintage/junit-vintage-engine/5.12.2/junit-vintage-engine-5.12.2-sources.jar
2026-03-11 00:28:30,564 [Worker-6: Download sources and javadoc] INFO  o.e.m.j.internal.DownloadSourcesJob - Downloaded sources for org.junit.vintage:junit-vintage-engine:5.12.2
2026-03-11 00:28:32,869 [Worker-4: Building] INFO  o.e.m.c.i.e.AbstractTransferListenerAdapter - Downloaded https://repo.maven.apache.org/maven2/org/apache/maven/plugins/maven-surefire-plugin/3.2.5/maven-surefire-plugin-3.2.5.pom
2026-03-11 00:28:33,051 [Worker-4: Building] INFO  o.e.m.c.i.e.AbstractTransferListenerAdapter - Downloaded https://repo.maven.apache.org/maven2/org/apache/maven/surefire/surefire/3.2.5/surefire-3.2.5.pom
2026-03-11 00:31:22,728 [main] INFO  o.e.m2e.actions.ExecutePomAction - Creating new launch configuration
2026-03-11 00:31:42,094 [Worker-14: Launching revPasswordmanager] INFO  o.eclipse.m2e.core.internal.Bundles - getClasspathEntries(Bundle=org.eclipse.m2e.maven.runtime_3.8.604.20221130-2149 [606])
2026-03-11 00:31:42,126 [Worker-14: Launching revPasswordmanager] INFO  o.eclipse.m2e.core.internal.Bundles - 	Entry: D:\eclipse-jee-2022-12-R-win32-x86_64\eclipse\plugins\org.eclipse.m2e.maven.runtime_3.8.604.20221130-2149
2026-03-11 00:31:42,128 [Worker-14: Launching revPasswordmanager] INFO  o.eclipse.m2e.core.internal.Bundles - 	Entry: D:\eclipse-jee-2022-12-R-win32-x86_64\eclipse\plugins\org.eclipse.m2e.maven.runtime_3.8.604.20221130-2149\jars\aether-connector-okhttp-0.17.8.jar
2026-03-11 00:31:42,128 [Worker-14: Launching revPasswordmanager] INFO  o.eclipse.m2e.core.internal.Bundles - 	Entry: D:\eclipse-jee-2022-12-R-win32-x86_64\eclipse\plugins\org.eclipse.m2e.maven.runtime_3.8.604.20221130-2149\jars\commons-cli-1.4.jar
2026-03-11 00:31:42,128 [Worker-14: Launching revPasswordmanager] INFO  o.eclipse.m2e.core.internal.Bundles - 	Entry: D:\eclipse-jee-2022-12-R-win32-x86_64\eclipse\plugins\org.eclipse.m2e.maven.runtime_3.8.604.20221130-2149\jars\commons-io-2.6.jar
2026-03-11 00:31:42,128 [Worker-14: Launching revPasswordmanager] INFO  o.eclipse.m2e.core.internal.Bundles - 	Entry: D:\eclipse-jee-2022-12-R-win32-x86_64\eclipse\plugins\org.eclipse.m2e.maven.runtime_3.8.604.20221130-2149\jars\commons-lang3-3.8.1.jar
2026-03-11 00:31:42,129 [Worker-14: Launching revPasswordmanager] INFO  o.eclipse.m2e.core.internal.Bundles - 	Entry: D:\eclipse-jee-2022-12-R-win32-x86_64\eclipse\plugins\org.eclipse.m2e.maven.runtime_3.8.604.20221130-2149\jars\guice-4.2.2-no_aop.jar
2026-03-11 00:31:42,129 [Worker-14: Launching revPasswordmanager] INFO  o.eclipse.m2e.core.internal.Bundles - 	Entry: D:\eclipse-jee-2022-12-R-win32-x86_64\eclipse\plugins\org.eclipse.m2e.maven.runtime_3.8.604.20221130-2149\jars\jansi-2.4.0.jar
2026-03-11 00:31:42,129 [Worker-14: Launching revPasswordmanager] INFO  o.eclipse.m2e.core.internal.Bundles - 	Entry: D:\eclipse-jee-2022-12-R-win32-x86_64\eclipse\plugins\org.eclipse.m2e.maven.runtime_3.8.604.20221130-2149\jars\maven-artifact-3.8.6.jar
2026-03-11 00:31:42,129 [Worker-14: Launching revPasswordmanager] INFO  o.eclipse.m2e.core.internal.Bundles - 	Entry: D:\eclipse-jee-2022-12-R-win32-x86_64\eclipse\plugins\org.eclipse.m2e.maven.runtime_3.8.604.20221130-2149\jars\maven-builder-support-3.8.6.jar
2026-03-11 00:31:42,129 [Worker-14: Launching revPasswordmanager] INFO  o.eclipse.m2e.core.internal.Bundles - 	Entry: D:\eclipse-jee-2022-12-R-win32-x86_64\eclipse\plugins\org.eclipse.m2e.maven.runtime_3.8.604.20221130-2149\jars\maven-compat-3.8.6.jar
2026-03-11 00:31:42,129 [Worker-14: Launching revPasswordmanager] INFO  o.eclipse.m2e.core.internal.Bundles - 	Entry: D:\eclipse-jee-2022-12-R-win32-x86_64\eclipse\plugins\org.eclipse.m2e.maven.runtime_3.8.604.20221130-2149\jars\maven-core-3.8.6.jar
2026-03-11 00:31:42,129 [Worker-14: Launching revPasswordmanager] INFO  o.eclipse.m2e.core.internal.Bundles - 	Entry: D:\eclipse-jee-2022-12-R-win32-x86_64\eclipse\plugins\org.eclipse.m2e.maven.runtime_3.8.604.20221130-2149\jars\maven-embedder-3.8.6.jar
2026-03-11 00:31:42,129 [Worker-14: Launching revPasswordmanager] INFO  o.eclipse.m2e.core.internal.Bundles - 	Entry: D:\eclipse-jee-2022-12-R-win32-x86_64\eclipse\plugins\org.eclipse.m2e.maven.runtime_3.8.604.20221130-2149\jars\maven-model-3.8.6.jar
2026-03-11 00:31:42,130 [Worker-14: Launching revPasswordmanager] INFO  o.eclipse.m2e.core.internal.Bundles - 	Entry: D:\eclipse-jee-2022-12-R-win32-x86_64\eclipse\plugins\org.eclipse.m2e.maven.runtime_3.8.604.20221130-2149\jars\maven-model-builder-3.8.6.jar
2026-03-11 00:31:42,130 [Worker-14: Launching revPasswordmanager] INFO  o.eclipse.m2e.core.internal.Bundles - 	Entry: D:\eclipse-jee-2022-12-R-win32-x86_64\eclipse\plugins\org.eclipse.m2e.maven.runtime_3.8.604.20221130-2149\jars\maven-plugin-api-3.8.6.jar
2026-03-11 00:31:42,130 [Worker-14: Launching revPasswordmanager] INFO  o.eclipse.m2e.core.internal.Bundles - 	Entry: D:\eclipse-jee-2022-12-R-win32-x86_64\eclipse\plugins\org.eclipse.m2e.maven.runtime_3.8.604.20221130-2149\jars\maven-repository-metadata-3.8.6.jar
2026-03-11 00:31:42,130 [Worker-14: Launching revPasswordmanager] INFO  o.eclipse.m2e.core.internal.Bundles - 	Entry: D:\eclipse-jee-2022-12-R-win32-x86_64\eclipse\plugins\org.eclipse.m2e.maven.runtime_3.8.604.20221130-2149\jars\maven-resolver-api-1.6.3.jar
2026-03-11 00:31:42,130 [Worker-14: Launching revPasswordmanager] INFO  o.eclipse.m2e.core.internal.Bundles - 	Entry: D:\eclipse-jee-2022-12-R-win32-x86_64\eclipse\plugins\org.eclipse.m2e.maven.runtime_3.8.604.20221130-2149\jars\maven-resolver-connector-basic-1.6.3.jar
2026-03-11 00:31:42,130 [Worker-14: Launching revPasswordmanager] INFO  o.eclipse.m2e.core.internal.Bundles - 	Entry: D:\eclipse-jee-2022-12-R-win32-x86_64\eclipse\plugins\org.eclipse.m2e.maven.runtime_3.8.604.20221130-2149\jars\maven-resolver-impl-1.6.3.jar
2026-03-11 00:31:42,130 [Worker-14: Launching revPasswordmanager] INFO  o.eclipse.m2e.core.internal.Bundles - 	Entry: D:\eclipse-jee-2022-12-R-win32-x86_64\eclipse\plugins\org.eclipse.m2e.maven.runtime_3.8.604.20221130-2149\jars\maven-resolver-provider-3.8.6.jar
2026-03-11 00:31:42,130 [Worker-14: Launching revPasswordmanager] INFO  o.eclipse.m2e.core.internal.Bundles - 	Entry: D:\eclipse-jee-2022-12-R-win32-x86_64\eclipse\plugins\org.eclipse.m2e.maven.runtime_3.8.604.20221130-2149\jars\maven-resolver-spi-1.6.3.jar
2026-03-11 00:31:42,131 [Worker-14: Launching revPasswordmanager] INFO  o.eclipse.m2e.core.internal.Bundles - 	Entry: D:\eclipse-jee-2022-12-R-win32-x86_64\eclipse\plugins\org.eclipse.m2e.maven.runtime_3.8.604.20221130-2149\jars\maven-resolver-transport-wagon-1.6.3.jar
2026-03-11 00:31:42,131 [Worker-14: Launching revPasswordmanager] INFO  o.eclipse.m2e.core.internal.Bundles - 	Entry: D:\eclipse-jee-2022-12-R-win32-x86_64\eclipse\plugins\org.eclipse.m2e.maven.runtime_3.8.604.20221130-2149\jars\maven-resolver-util-1.6.3.jar
2026-03-11 00:31:42,131 [Worker-14: Launching revPasswordmanager] INFO  o.eclipse.m2e.core.internal.Bundles - 	Entry: D:\eclipse-jee-2022-12-R-win32-x86_64\eclipse\plugins\org.eclipse.m2e.maven.runtime_3.8.604.20221130-2149\jars\maven-settings-3.8.6.jar
2026-03-11 00:31:42,131 [Worker-14: Launching revPasswordmanager] INFO  o.eclipse.m2e.core.internal.Bundles - 	Entry: D:\eclipse-jee-2022-12-R-win32-x86_64\eclipse\plugins\org.eclipse.m2e.maven.runtime_3.8.604.20221130-2149\jars\maven-settings-builder-3.8.6.jar
2026-03-11 00:31:42,131 [Worker-14: Launching revPasswordmanager] INFO  o.eclipse.m2e.core.internal.Bundles - 	Entry: D:\eclipse-jee-2022-12-R-win32-x86_64\eclipse\plugins\org.eclipse.m2e.maven.runtime_3.8.604.20221130-2149\jars\maven-shared-utils-3.3.4.jar
2026-03-11 00:31:42,131 [Worker-14: Launching revPasswordmanager] INFO  o.eclipse.m2e.core.internal.Bundles - 	Entry: D:\eclipse-jee-2022-12-R-win32-x86_64\eclipse\plugins\org.eclipse.m2e.maven.runtime_3.8.604.20221130-2149\jars\okhttp-3.14.1.jar
2026-03-11 00:31:42,131 [Worker-14: Launching revPasswordmanager] INFO  o.eclipse.m2e.core.internal.Bundles - 	Entry: D:\eclipse-jee-2022-12-R-win32-x86_64\eclipse\plugins\org.eclipse.m2e.maven.runtime_3.8.604.20221130-2149\jars\okio-1.17.3.jar
2026-03-11 00:31:42,131 [Worker-14: Launching revPasswordmanager] INFO  o.eclipse.m2e.core.internal.Bundles - 	Entry: D:\eclipse-jee-2022-12-R-win32-x86_64\eclipse\plugins\org.eclipse.m2e.maven.runtime_3.8.604.20221130-2149\jars\org.eclipse.sisu.inject-0.3.5.jar
2026-03-11 00:31:42,131 [Worker-14: Launching revPasswordmanager] INFO  o.eclipse.m2e.core.internal.Bundles - 	Entry: D:\eclipse-jee-2022-12-R-win32-x86_64\eclipse\plugins\org.eclipse.m2e.maven.runtime_3.8.604.20221130-2149\jars\org.eclipse.sisu.plexus-0.3.5.jar
2026-03-11 00:31:42,131 [Worker-14: Launching revPasswordmanager] INFO  o.eclipse.m2e.core.internal.Bundles - 	Entry: D:\eclipse-jee-2022-12-R-win32-x86_64\eclipse\plugins\org.eclipse.m2e.maven.runtime_3.8.604.20221130-2149\jars\plexus-build-api-0.0.7.jar
2026-03-11 00:31:42,132 [Worker-14: Launching revPasswordmanager] INFO  o.eclipse.m2e.core.internal.Bundles - 	Entry: D:\eclipse-jee-2022-12-R-win32-x86_64\eclipse\plugins\org.eclipse.m2e.maven.runtime_3.8.604.20221130-2149\jars\plexus-cipher-2.0.jar
2026-03-11 00:31:42,132 [Worker-14: Launching revPasswordmanager] INFO  o.eclipse.m2e.core.internal.Bundles - 	Entry: D:\eclipse-jee-2022-12-R-win32-x86_64\eclipse\plugins\org.eclipse.m2e.maven.runtime_3.8.604.20221130-2149\jars\plexus-classworlds-2.6.0.jar
2026-03-11 00:31:42,132 [Worker-14: Launching revPasswordmanager] INFO  o.eclipse.m2e.core.internal.Bundles - 	Entry: D:\eclipse-jee-2022-12-R-win32-x86_64\eclipse\plugins\org.eclipse.m2e.maven.runtime_3.8.604.20221130-2149\jars\plexus-component-annotations-2.1.0.jar
2026-03-11 00:31:42,132 [Worker-14: Launching revPasswordmanager] INFO  o.eclipse.m2e.core.internal.Bundles - 	Entry: D:\eclipse-jee-2022-12-R-win32-x86_64\eclipse\plugins\org.eclipse.m2e.maven.runtime_3.8.604.20221130-2149\jars\plexus-interpolation-1.26.jar
2026-03-11 00:31:42,132 [Worker-14: Launching revPasswordmanager] INFO  o.eclipse.m2e.core.internal.Bundles - 	Entry: D:\eclipse-jee-2022-12-R-win32-x86_64\eclipse\plugins\org.eclipse.m2e.maven.runtime_3.8.604.20221130-2149\jars\plexus-sec-dispatcher-2.0.jar
2026-03-11 00:31:42,133 [Worker-14: Launching revPasswordmanager] INFO  o.eclipse.m2e.core.internal.Bundles - 	Entry: D:\eclipse-jee-2022-12-R-win32-x86_64\eclipse\plugins\org.eclipse.m2e.maven.runtime_3.8.604.20221130-2149\jars\plexus-utils-3.3.1.jar
2026-03-11 00:31:42,134 [Worker-14: Launching revPasswordmanager] INFO  o.eclipse.m2e.core.internal.Bundles - 	Entry: D:\eclipse-jee-2022-12-R-win32-x86_64\eclipse\plugins\org.eclipse.m2e.maven.runtime_3.8.604.20221130-2149\jars\wagon-file-3.5.1.jar
2026-03-11 00:31:42,134 [Worker-14: Launching revPasswordmanager] INFO  o.eclipse.m2e.core.internal.Bundles - 	Entry: D:\eclipse-jee-2022-12-R-win32-x86_64\eclipse\plugins\org.eclipse.m2e.maven.runtime_3.8.604.20221130-2149\jars\wagon-provider-api-3.5.1.jar
2026-03-11 00:31:42,137 [Worker-14: Launching revPasswordmanager] INFO  o.eclipse.m2e.core.internal.Bundles - getClasspathEntries(Bundle=com.google.guava_30.1.0.v20221112-0806 [10])
2026-03-11 00:31:42,143 [Worker-14: Launching revPasswordmanager] INFO  o.eclipse.m2e.core.internal.Bundles - 	Entry: D:\eclipse-jee-2022-12-R-win32-x86_64\eclipse\plugins\com.google.guava_30.1.0.v20221112-0806.jar
2026-03-11 00:31:42,143 [Worker-14: Launching revPasswordmanager] INFO  o.eclipse.m2e.core.internal.Bundles - getClasspathEntries(Bundle=slf4j.api_1.7.36 [918])
2026-03-11 00:31:42,145 [Worker-14: Launching revPasswordmanager] INFO  o.eclipse.m2e.core.internal.Bundles - 	Entry: D:\eclipse-jee-2022-12-R-win32-x86_64\eclipse\plugins\slf4j.api_1.7.36.jar
2026-03-11 00:31:42,145 [Worker-14: Launching revPasswordmanager] INFO  o.eclipse.m2e.core.internal.Bundles - getClasspathEntries(Bundle=javax.inject_1.0.0.v20220405-0441 [32])
2026-03-11 00:31:42,147 [Worker-14: Launching revPasswordmanager] INFO  o.eclipse.m2e.core.internal.Bundles - 	Entry: D:\eclipse-jee-2022-12-R-win32-x86_64\eclipse\plugins\javax.inject_1.0.0.v20220405-0441.jar
2026-03-11 00:31:42,147 [Worker-14: Launching revPasswordmanager] INFO  o.eclipse.m2e.core.internal.Bundles - getClasspathEntries(Bundle=javax.annotation_1.3.5.v20221112-0806 [30])
2026-03-11 00:31:42,149 [Worker-14: Launching revPasswordmanager] INFO  o.eclipse.m2e.core.internal.Bundles - 	Entry: D:\eclipse-jee-2022-12-R-win32-x86_64\eclipse\plugins\javax.annotation_1.3.5.v20221112-0806.jar
2026-03-11 00:31:42,153 [Worker-14: Launching revPasswordmanager] INFO  o.e.m.i.launch.MavenLaunchDelegate - Run build in "D:\RevPasswordManager\revPasswordmanager\revPasswordmanager":
2026-03-11 00:31:42,154 [Worker-14: Launching revPasswordmanager] INFO  o.e.m.i.launch.MavenLaunchDelegate -  mvn  -B -Dstyle.color=always spring-boot:run
2026-03-11 00:33:19,254 [Worker-14: Launching Executing test in D__RevPasswordManager_revPasswordmanager_revPasswordmanager] INFO  o.e.m.i.launch.MavenLaunchDelegate - Run build in "D:\RevPasswordManager\revPasswordmanager\revPasswordmanager":
2026-03-11 00:33:19,255 [Worker-14: Launching Executing test in D__RevPasswordManager_revPasswordmanager_revPasswordmanager] INFO  o.e.m.i.launch.MavenLaunchDelegate -  mvn  -B -Dstyle.color=always test
2026-03-11 10:20:39,101 [Worker-3: Loading available Gradle versions] INFO  o.e.b.c.i.u.g.PublishedGradleVersions - Gradle version information cache is up-to-date. Trying to read.
2026-03-16 22:30:40,890 [Worker-2: Loading available Gradle versions] INFO  o.e.b.c.i.u.g.PublishedGradleVersions - Gradle version information cache is out-of-date. Trying to update.
